c:\users\dev\downloads\ue4-c--masterxxx\ue4-c--master\drivermode\zdriver\x64\release\vc142.pdb
c:\users\dev\downloads\ue4-c--masterxxx\ue4-c--master\drivermode\zdriver\x64\release\main.obj
c:\users\dev\downloads\ue4-c--masterxxx\ue4-c--master\drivermode\zdriver\x64\release\utils.obj
h:\dev_downloads\xxx\blastmenuv3_wpvm\zdriver\x64\release\vc142.pdb
h:\dev_downloads\xxx\blastmenuv3_wpvm\zdriver\x64\release\utils.obj
h:\dev_downloads\xxx\blastmenuv3_wpvm\zdriver\x64\release\main.obj
c:\users\dev\downloads\ue4-c--masterxxx\ue4-c--master\drivermode\x64\release\zdriver.sys
c:\users\dev\downloads\ue4-c--masterxxx\ue4-c--master\drivermode\x64\release\zdriver.pdb
h:\dev_downloads\xxx\blastmenuv3_wpvm\x64\release\zdriver.sys
h:\dev_downloads\xxx\blastmenuv3_wpvm\x64\release\zdriver.pdb
h:\dev_downloads\xxx\blastmenuv3_wpvm\zdriver\x64\release\dispatchhook.obj
c:\users\dev\downloads\ue4-c--masterxxx\ue4-c--master\drivermode\zdriver\x64\release\zdriver.inf
h:\dev_downloads\xxx\blastmenuv3_wpvm\zdriver\x64\release\zdriver.inf
c:\users\dev\downloads\ue4-c--masterxxx\ue4-c--master\drivermode\x64\release\zdriver.ipdb
c:\users\dev\downloads\ue4-c--masterxxx\ue4-c--master\drivermode\x64\release\zdriver.iobj
h:\dev_downloads\xxx\blastmenuv3_wpvm\x64\release\zdriver.ipdb
h:\dev_downloads\xxx\blastmenuv3_wpvm\x64\release\zdriver.iobj
h:\dev_downloads\xxx\blastmenuv3_wpvm\x64\release\zdriver.cer
h:\dev_downloads\xxx\blastmenuv3_wpvm\x64\release\zdriver.inf
h:\dev_downloads\xxx\blastmenuv3_wpvm\zdriver\x64\release\zdriver.tlog\cl.command.1.tlog
h:\dev_downloads\xxx\blastmenuv3_wpvm\zdriver\x64\release\zdriver.tlog\cl.read.1.tlog
h:\dev_downloads\xxx\blastmenuv3_wpvm\zdriver\x64\release\zdriver.tlog\cl.write.1.tlog
h:\dev_downloads\xxx\blastmenuv3_wpvm\zdriver\x64\release\zdriver.tlog\link.command.1.tlog
h:\dev_downloads\xxx\blastmenuv3_wpvm\zdriver\x64\release\zdriver.tlog\link.read.1.tlog
h:\dev_downloads\xxx\blastmenuv3_wpvm\zdriver\x64\release\zdriver.tlog\link.write.1.tlog
h:\dev_downloads\xxx\blastmenuv3_wpvm\zdriver\x64\release\zdriver.tlog\masm.read.1u.tlog
h:\dev_downloads\xxx\blastmenuv3_wpvm\zdriver\x64\release\zdriver.tlog\masm.write.1u.tlog
h:\dev_downloads\xxx\blastmenuv3_wpvm\zdriver\x64\release\zdriver.tlog\signtool.command.1.tlog
h:\dev_downloads\xxx\blastmenuv3_wpvm\zdriver\x64\release\zdriver.tlog\signtool.read.1.tlog
h:\dev_downloads\xxx\blastmenuv3_wpvm\zdriver\x64\release\zdriver.tlog\signtool.timestamp.1.tlog
h:\dev_downloads\xxx\blastmenuv3_wpvm\zdriver\x64\release\zdriver.tlog\signtool.write.1.tlog
h:\dev_downloads\xxx\blastmenuv3_wpvm\zdriver\x64\release\zdriver.tlog\stampinf.command.1.tlog
h:\dev_downloads\xxx\blastmenuv3_wpvm\zdriver\x64\release\zdriver.tlog\stampinf.read.1.tlog
h:\dev_downloads\xxx\blastmenuv3_wpvm\zdriver\x64\release\zdriver.tlog\stampinf.write.1.tlog
h:\dev_downloads\xxx\blastmenuv3_wpvm\zdriver\x64\release\zdriver.tlog\zdriver.write.1u.tlog
